(---------------------------------------------------------------------)
(                                                                     )
(    Allegro Netrev Import Logic                                      )
(                                                                     )
(    Drawing          : quadcopter_0_1.brd                            )
(    Software Version : 16.6S005                                      )
(    Date/Time        : Sun Aug 17 15:34:16 2014                      )
(                                                                     )
(---------------------------------------------------------------------)


------ Directives ------

RIPUP_ETCH FALSE;
RIPUP_DELETE_FIRST_SEGMENT FALSE;
RIPUP_RETAIN_BONDWIRE FALSE;
RIPUP_SYMBOLS ALWAYS;
Missing symbol has error FALSE;
SCHEMATIC_DIRECTORY 'E:/linwenjian/Quadcopter_Will/Hardware/quadcopter_0_1/allegro';
BOARD_DIRECTORY '';
OLD_BOARD_NAME 'E:/linwenjian/Quadcopter_Will/Hardware/quadcopter_0_1/allegro/quadcopter_0_1.brd';
NEW_BOARD_NAME 'E:/linwenjian/Quadcopter_Will/Hardware/quadcopter_0_1/allegro/quadcopter_0_1.brd';

CmdLine: netrev -$ -i E:/linwenjian/Quadcopter_Will/Hardware/quadcopter_0_1/allegro -y 1 E:/linwenjian/Quadcopter_Will/Hardware/quadcopter_0_1/allegro/#Taaaaaq06628.tmp

------ Preparing to read pst files ------

Starting to read E:/linwenjian/Quadcopter_Will/Hardware/quadcopter_0_1/allegro/pstchip.dat 
   Finished reading E:/linwenjian/Quadcopter_Will/Hardware/quadcopter_0_1/allegro/pstchip.dat (00:00:00.14)
Starting to read E:/linwenjian/Quadcopter_Will/Hardware/quadcopter_0_1/allegro/pstxprt.dat 
   Finished reading E:/linwenjian/Quadcopter_Will/Hardware/quadcopter_0_1/allegro/pstxprt.dat (00:00:00.01)
Starting to read E:/linwenjian/Quadcopter_Will/Hardware/quadcopter_0_1/allegro/pstxnet.dat 
   Finished reading E:/linwenjian/Quadcopter_Will/Hardware/quadcopter_0_1/allegro/pstxnet.dat (00:00:00.01)

------ Oversights/Warnings/Errors ------


------ Library Paths ------
MODULEPATH =  . 
           f:/program/Cadence/SPB_16.6/share/local/pcb/modules 

PSMPATH =  . 
           symbols 
           .. 
           ../symbols 
           f:/program/Cadence/SPB_16.6/share/local/pcb/symbols 
           f:/program/Cadence/SPB_16.6/share/pcb/pcb_lib/symbols 
           f:/program/Cadence/SPB_16.6/share/pcb/allegrolib/symbols 

PADPATH =  . 
           symbols 
           .. 
           ../symbols 
           f:/program/Cadence/SPB_16.6/share/local/pcb/padstacks 
           f:/program/Cadence/SPB_16.6/share/pcb/pcb_lib/symbols 
           f:/program/Cadence/SPB_16.6/share/pcb/allegrolib/symbols 


------ Summary Statistics ------


netrev run on Aug 17 15:34:16 2014
   DESIGN NAME : 'QUADCOPTER_0_1'
   PACKAGING ON Sep 10 2012 04:46:09

   COMPILE 'logic'
   CHECK_PIN_NAMES OFF
   CROSS_REFERENCE OFF
   FEEDBACK OFF
   INCREMENTAL OFF
   INTERFACE_TYPE PHYSICAL
   MAX_ERRORS 500
   MERGE_MINIMUM 5
   NET_NAME_CHARS '#%&()*+-./:=>?@[]^_`|'
   NET_NAME_LENGTH 24
   OVERSIGHTS ON
   REPLACE_CHECK OFF
   SINGLE_NODE_NETS ON
   SPLIT_MINIMUM 0
   SUPPRESS   20
   WARNINGS ON

 No error detected
 No oversight detected
 No warning detected

cpu time      0:03:42
elapsed time  0:00:02

